2021-03-09T10:13:50.772-0300 I CONTROL  [initandlisten] MongoDB starting : pid=211 port=27017 dbpath=/mnt/c/Users/rafan/OneDrive/Udemy/MongoDB/mongo-data 64-bit host=DESKTOP-I3BT1R2
2021-03-09T10:13:50.773-0300 I CONTROL  [initandlisten] db version v3.6.8
2021-03-09T10:13:50.773-0300 I CONTROL  [initandlisten] git version: 8e540c0b6db93ce994cc548f000900bdc740f80a
2021-03-09T10:13:50.774-0300 I CONTROL  [initandlisten] OpenSSL version: OpenSSL 1.1.1f  31 Mar 2020
2021-03-09T10:13:50.774-0300 I CONTROL  [initandlisten] allocator: tcmalloc
2021-03-09T10:13:50.774-0300 I CONTROL  [initandlisten] modules: none
2021-03-09T10:13:50.774-0300 I CONTROL  [initandlisten] build environment:
2021-03-09T10:13:50.774-0300 I CONTROL  [initandlisten]     distarch: x86_64
2021-03-09T10:13:50.775-0300 I CONTROL  [initandlisten]     target_arch: x86_64
2021-03-09T10:13:50.775-0300 I CONTROL  [initandlisten] options: { processManagement: { fork: true }, storage: { dbPath: "mongo-data" }, systemLog: { destination: "file", path: "mongo-data/mongo.log" } }
2021-03-09T10:13:50.777-0300 W -        [initandlisten] Detected unclean shutdown - /mnt/c/Users/rafan/OneDrive/Udemy/MongoDB/mongo-data/mongod.lock is not empty.
2021-03-09T10:13:50.786-0300 I -        [initandlisten] Detected data files in /mnt/c/Users/rafan/OneDrive/Udemy/MongoDB/mongo-data created by the 'wiredTiger' storage engine, so setting the active storage engine to 'wiredTiger'.
2021-03-09T10:13:50.789-0300 W STORAGE  [initandlisten] Recovering data from the last clean checkpoint.
2021-03-09T10:13:50.790-0300 I STORAGE  [initandlisten] wiredtiger_open config: create,cache_size=5855M,session_max=20000,eviction=(threads_min=4,threads_max=4),config_base=false,statistics=(fast),cache_cursors=false,compatibility=(release="3.0",require_max="3.0"),log=(enabled=true,archive=true,path=journal,compressor=snappy),file_manager=(close_idle_time=100000),statistics_log=(wait=0),verbose=(recovery_progress),
2021-03-09T10:13:59.173-0300 I STORAGE  [initandlisten] WiredTiger message [1615295639:173258][211:0x7f1cf7f3fac0], txn-recover: Main recovery loop: starting at 1/29952
2021-03-09T10:13:59.178-0300 I STORAGE  [initandlisten] WiredTiger message [1615295639:178020][211:0x7f1cf7f3fac0], txn-recover: Recovering log 1 through 2
2021-03-09T10:13:59.872-0300 I STORAGE  [initandlisten] WiredTiger message [1615295639:872311][211:0x7f1cf7f3fac0], txn-recover: Recovering log 2 through 2
2021-03-09T10:14:00.502-0300 I STORAGE  [initandlisten] WiredTiger message [1615295640:502349][211:0x7f1cf7f3fac0], txn-recover: Set global recovery timestamp: 0
2021-03-09T10:14:00.717-0300 I CONTROL  [initandlisten] 
2021-03-09T10:14:00.717-0300 I CONTROL  [initandlisten] ** WARNING: Access control is not enabled for the database.
2021-03-09T10:14:00.717-0300 I CONTROL  [initandlisten] **          Read and write access to data and configuration is unrestricted.
2021-03-09T10:14:00.717-0300 I CONTROL  [initandlisten] ** WARNING: You are running this process as the root user, which is not recommended.
2021-03-09T10:14:00.717-0300 I CONTROL  [initandlisten] 
2021-03-09T10:14:00.718-0300 I CONTROL  [initandlisten] ** WARNING: This server is bound to localhost.
2021-03-09T10:14:00.718-0300 I CONTROL  [initandlisten] **          Remote systems will be unable to connect to this server. 
2021-03-09T10:14:00.718-0300 I CONTROL  [initandlisten] **          Start the server with --bind_ip <address> to specify which IP 
2021-03-09T10:14:00.718-0300 I CONTROL  [initandlisten] **          addresses it should serve responses from, or with --bind_ip_all to
2021-03-09T10:14:00.718-0300 I CONTROL  [initandlisten] **          bind to all interfaces. If this behavior is desired, start the
2021-03-09T10:14:00.719-0300 I CONTROL  [initandlisten] **          server with --bind_ip 127.0.0.1 to disable this warning.
2021-03-09T10:14:00.719-0300 I CONTROL  [initandlisten] 
2021-03-09T10:14:00.719-0300 I CONTROL  [initandlisten] 
2021-03-09T10:14:00.719-0300 I CONTROL  [initandlisten] ** WARNING: /sys/kernel/mm/transparent_hugepage/enabled is 'always'.
2021-03-09T10:14:00.719-0300 I CONTROL  [initandlisten] **        We suggest setting it to 'never'
2021-03-09T10:14:00.720-0300 I CONTROL  [initandlisten] 
2021-03-09T10:14:00.794-0300 I FTDC     [initandlisten] Initializing full-time diagnostic data capture with directory '/mnt/c/Users/rafan/OneDrive/Udemy/MongoDB/mongo-data/diagnostic.data'
2021-03-09T10:14:00.795-0300 I NETWORK  [initandlisten] waiting for connections on port 27017
2021-03-09T10:14:01.044-0300 I FTDC     [ftdc] Unclean full-time diagnostic data capture shutdown detected, found interim file, some metrics may have been lost. OK
2021-03-09T10:14:10.288-0300 I NETWORK  [listener] connection accepted from 127.0.0.1:40054 #1 (1 connection now open)
2021-03-09T10:14:10.290-0300 I NETWORK  [conn1] received client metadata from 127.0.0.1:40054 conn1: { application: { name: "MongoDB Shell" }, driver: { name: "MongoDB Internal Client", version: "3.6.8" }, os: { type: "Linux", name: "Ubuntu", architecture: "x86_64", version: "20.04" } }
